#
# A fatal error has been detected by the Java Runtime Environment:
#
#  EXCEPTION_ACCESS_VIOLATION (0xc0000005) at pc=0x60b16080, pid=4816, tid=5668
#
# JRE version: Java(TM) SE Runtime Environment (7.0_75-b13) (build 1.7.0_75-b13)
# Java VM: Java HotSpot(TM) Client VM (24.75-b04 mixed mode windows-x86 )
# Problematic frame:
# V  [jvm.dll+0x36080]
#
# Failed to write core dump. Minidumps are not enabled by default on client versions of Windows
#
# If you would like to submit a bug report, please visit:
#   http://bugreport.sun.com/bugreport/crash.jsp
#

---------------  T H R E A D  ---------------

Current thread (0x17c66c00):  JavaThread "JDWP Transport Listener: dt_socket" daemon [_thread_in_vm, id=5668, stack(0x184c0000,0x18510000)]

siginfo: ExceptionCode=0xc0000005, reading address 0x00000008

Registers:
EAX=0x03cf71f8, EBX=0x17c66c00, ECX=0x00000000, EDX=0x00000000
ESP=0x1850f464, EBP=0x1850f468, ESI=0x00000000, EDI=0x6b59e15c
EIP=0x60b16080, EFLAGS=0x00010246

Top of Stack: (sp=0x1850f464)
0x1850f464:   17c66d30 1850f490 60ba29d6 03cf71f8
0x1850f474:   6b59e15c 17c66d30 6b59e174 17c66c00
0x1850f484:   00000000 17c66d30 1850f554 6b59e99c
0x1850f494:   6b5863b2 17c66d30 03cf71f8 00000000
0x1850f4a4:   1850f4c8 1850f554 17d82ad8 1850f504
0x1850f4b4:   17c45194 1850f4d4 6b58bd27 1850f4d4
0x1850f4c4:   1850f508 6b59e890 6b5e5004 6b5a2c68
0x1850f4d4:   17db55d8 0000000b 01260000 00000013 

Instructions: (pc=0x60b16080)
0x60b16060:   8b 0d a4 9c e1 60 85 c9 7e 05 8b 0c 01 eb 02 33
0x60b16070:   c9 8b 15 a8 9c e1 60 85 d2 7e 05 8b 04 02 eb 03
0x60b16080:   8b 46 08 85 c0 75 0f 33 c9 50 51 e8 b0 94 15 00
0x60b16090:   83 c4 08 5e 5d c3 8d 4c 4e 0c 50 51 e8 9f 94 15 


Register to memory mapping:

EAX=0x03cf71f8 is an oop
java.lang.String 
 - klass: 'java/lang/String'
EBX=0x17c66c00 is a thread
ECX=0x00000000 is an unknown value
EDX=0x00000000 is an unknown value
ESP=0x1850f464 is pointing into the stack for thread: 0x17c66c00
EBP=0x1850f468 is pointing into the stack for thread: 0x17c66c00
ESI=0x00000000 is an unknown value
EDI=0x6b59e15c is an unknown value


Stack: [0x184c0000,0x18510000],  sp=0x1850f464,  free space=317k
Native frames: (J=compiled Java code, j=interpreted, Vv=VM code, C=native code)
V  [jvm.dll+0x36080]
V  [jvm.dll+0xc29d6]


---------------  P R O C E S S  ---------------

Java Threads: ( => current thread )
  0x17c84c00 JavaThread "Service Thread" daemon [_thread_blocked, id=5880, stack(0x185f0000,0x18640000)]
  0x17c81800 JavaThread "C1 CompilerThread0" daemon [_thread_blocked, id=4324, stack(0x18590000,0x185e0000)]
  0x17c73800 JavaThread "JDWP Command Reader" daemon [_thread_in_native, id=4216, stack(0x181b0000,0x18200000)]
  0x17c72000 JavaThread "JDWP Event Helper Thread" daemon [_thread_blocked, id=4304, stack(0x18460000,0x184b0000)]
=>0x17c66c00 JavaThread "JDWP Transport Listener: dt_socket" daemon [_thread_in_vm, id=5668, stack(0x184c0000,0x18510000)]
  0x17c4b400 JavaThread "Attach Listener" daemon [_thread_blocked, id=5048, stack(0x18140000,0x18190000)]
  0x17c61800 JavaThread "Signal Dispatcher" daemon [_thread_blocked, id=3700, stack(0x17eb0000,0x17f00000)]
  0x17c19800 JavaThread "Finalizer" daemon [_thread_blocked, id=3104, stack(0x17fd0000,0x18020000)]
  0x17c14400 JavaThread "Reference Handler" daemon [_thread_blocked, id=5636, stack(0x17f70000,0x17fc0000)]
  0x0126e800 JavaThread "main" [_thread_blocked, id=4900, stack(0x002d0000,0x00320000)]

Other Threads:
  0x17c12000 VMThread [stack: 0x17e60000,0x17eb0000] [id=6048]
  0x17c96c00 WatcherThread [stack: 0x186d0000,0x18720000] [id=1340]

VM state:not at safepoint (normal execution)

VM Mutex/Monitor currently owned by a thread: None

Heap
 def new generation   total 4928K, used 1576K [0x03c00000, 0x04150000, 0x09150000)
  eden space 4416K,  24% used [0x03c00000, 0x03d0a148, 0x04050000)
  from space 512K, 100% used [0x040d0000, 0x04150000, 0x04150000)
  to   space 512K,   0% used [0x04050000, 0x04050000, 0x040d0000)
 tenured generation   total 10944K, used 912K [0x09150000, 0x09c00000, 0x13c00000)
   the space 10944K,   8% used [0x09150000, 0x092342d0, 0x09234400, 0x09c00000)
 compacting perm gen  total 12288K, used 3383K [0x13c00000, 0x14800000, 0x17c00000)
   the space 12288K,  27% used [0x13c00000, 0x13f4df40, 0x13f4e000, 0x14800000)
No shared spaces configured.

Card table byte_map: [0x03ab0000,0x03b60000] byte_map_base: 0x03a92000

Polling page: 0x00250000

Code Cache  [0x01ab0000, 0x01b80000, 0x03ab0000)
 total_blobs=256 nmethods=115 adapters=87 free_code_cache=31965Kb largest_free_block=32732352

Compilation events (10 events):
Event: 17.774 Thread 0x17c81800  111             java.util.Hashtable::hash (10 bytes)
Event: 17.774 Thread 0x17c81800 nmethod 111 0x01b75f88 code [0x01b76090, 0x01b7613c]
Event: 17.777 Thread 0x17c81800  112             java.security.MessageDigest::isEqual (45 bytes)
Event: 17.777 Thread 0x17c81800 nmethod 112 0x01b761c8 code [0x01b762c0, 0x01b763c0]
Event: 17.827 Thread 0x17c81800  113             java.util.HashMap$HashIterator::nextEntry (99 bytes)
Event: 17.827 Thread 0x17c81800 nmethod 113 0x01b764c8 code [0x01b76600, 0x01b76828]
Event: 17.831 Thread 0x17c81800  114             java.nio.charset.CharsetDecoder::maxCharsPerByte (5 bytes)
Event: 17.832 Thread 0x17c81800 nmethod 114 0x01b76a48 code [0x01b76b40, 0x01b76bc0]
Event: 17.834 Thread 0x17c81800  115             java.lang.String::regionMatches (149 bytes)
Event: 17.834 Thread 0x17c81800 nmethod 115 0x01b76c08 code [0x01b76d90, 0x01b770b0]

GC Heap History (2 events):
Event: 17.782 GC heap before
{Heap before GC invocations=0 (full 0):
 def new generation   total 4928K, used 4416K [0x03c00000, 0x04150000, 0x09150000)
  eden space 4416K, 100% used [0x03c00000, 0x04050000, 0x04050000)
  from space 512K,   0% used [0x04050000, 0x04050000, 0x040d0000)
  to   space 512K,   0% used [0x040d0000, 0x040d0000, 0x04150000)
 tenured generation   total 10944K, used 0K [0x09150000, 0x09c00000, 0x13c00000)
   the space 10944K,   0% used [0x09150000, 0x09150000, 0x09150200, 0x09c00000)
 compacting perm gen  total 12288K, used 3033K [0x13c00000, 0x14800000, 0x17c00000)
   the space 12288K,  24% used [0x13c00000, 0x13ef6548, 0x13ef6600, 0x14800000)
No shared spaces configured.
Event: 17.786 GC heap after
Heap after GC invocations=1 (full 0):
 def new generation   total 4928K, used 512K [0x03c00000, 0x04150000, 0x09150000)
  eden space 4416K,   0% used [0x03c00000, 0x03c00000, 0x04050000)
  from space 512K, 100% used [0x040d0000, 0x04150000, 0x04150000)
  to   space 512K,   0% used [0x04050000, 0x04050000, 0x040d0000)
 tenured generation   total 10944K, used 912K [0x09150000, 0x09c00000, 0x13c00000)
   the space 10944K,   8% used [0x09150000, 0x092342d0, 0x09234400, 0x09c00000)
 compacting perm gen  total 12288K, used 3033K [0x13c00000, 0x14800000, 0x17c00000)
   the space 12288K,  24% used [0x13c00000, 0x13ef6548, 0x13ef6600, 0x14800000)
No shared spaces configured.
}

Deoptimization events (0 events):
No events

Internal exceptions (6 events):
Event: 0.021 Thread 0x0126e800 Threw 0x03c0e538 at C:\re\jdk7u75\1940\hotspot\src\share\vm\prims\jni.cpp:3991
Event: 0.104 Thread 0x0126e800 Threw 0x03cd4c28 at C:\re\jdk7u75\1940\hotspot\src\share\vm\prims\jvm.cpp:1281
Event: 17.576 Thread 0x0126e800 Threw 0x03e50658 at C:\re\jdk7u75\1940\hotspot\src\share\vm\prims\jvm.cpp:1281
Event: 17.577 Thread 0x0126e800 Threw 0x03e50770 at C:\re\jdk7u75\1940\hotspot\src\share\vm\prims\jvm.cpp:1281
Event: 18.839 Thread 0x0126e800 Threw 0x03ccbd18 at C:\re\jdk7u75\1940\hotspot\src\share\vm\prims\jni.cpp:717
Event: 18.839 Thread 0x0126e800 Threw 0x03ccc070 at C:\re\jdk7u75\1940\hotspot\src\share\vm\prims\jvm.cpp:1281

Events (10 events):
Event: 92.695 Executing VM operation: GetOrSetLocal
Event: 92.695 Executing VM operation: GetOrSetLocal done
Event: 92.695 Executing VM operation: GetOrSetLocal
Event: 92.695 Executing VM operation: GetOrSetLocal done
Event: 92.696 Executing VM operation: GetOrSetLocal
Event: 92.696 Executing VM operation: GetOrSetLocal done
Event: 96.828 Executing VM operation: GetOrSetLocal
Event: 96.828 Executing VM operation: GetOrSetLocal done
Event: 96.906 Executing VM operation: GetOrSetLocal
Event: 96.906 Executing VM operation: GetOrSetLocal done


Dynamic libraries:
0x013b0000 - 0x013df000 	D:\java\jdk1.7.0_75\bin\javaw.exe
0x771e0000 - 0x77322000 	C:\Windows\SYSTEM32\ntdll.dll
0x76c70000 - 0x76d45000 	C:\Windows\system32\kernel32.dll
0x750a0000 - 0x750eb000 	C:\Windows\system32\KERNELBASE.dll
0x76e70000 - 0x76f11000 	C:\Windows\system32\ADVAPI32.dll
0x76180000 - 0x7622c000 	C:\Windows\system32\msvcrt.dll
0x76710000 - 0x76729000 	C:\Windows\SYSTEM32\sechost.dll
0x77130000 - 0x771d2000 	C:\Windows\system32\RPCRT4.dll
0x77360000 - 0x77429000 	C:\Windows\system32\USER32.dll
0x76310000 - 0x7635e000 	C:\Windows\system32\GDI32.dll
0x77330000 - 0x7733a000 	C:\Windows\system32\LPK.dll
0x76230000 - 0x762cd000 	C:\Windows\system32\USP10.dll
0x73d10000 - 0x73eae000 	C:\Windows\WinSxS\x86_microsoft.windows.common-controls_6595b64144ccf1df_6.0.7601.18837_none_41e855142bd5705d\COMCTL32.dll
0x76380000 - 0x763d7000 	C:\Windows\system32\SHLWAPI.dll
0x76360000 - 0x7637f000 	C:\Windows\system32\IMM32.DLL
0x76da0000 - 0x76e6c000 	C:\Windows\system32\MSCTF.dll
0x6b430000 - 0x6b4ef000 	D:\java\jdk1.7.0_75\jre\bin\msvcr100.dll
0x60ae0000 - 0x60e69000 	D:\java\jdk1.7.0_75\jre\bin\client\jvm.dll
0x71700000 - 0x71707000 	C:\Windows\system32\WSOCK32.dll
0x762d0000 - 0x76305000 	C:\Windows\system32\WS2_32.dll
0x77350000 - 0x77356000 	C:\Windows\system32\NSI.dll
0x75030000 - 0x75062000 	C:\Windows\system32\WINMM.dll
0x75fb0000 - 0x75fb5000 	C:\Windows\system32\PSAPI.DLL
0x6b650000 - 0x6b65c000 	D:\java\jdk1.7.0_75\jre\bin\verify.dll
0x6b630000 - 0x6b650000 	D:\java\jdk1.7.0_75\jre\bin\java.dll
0x6b580000 - 0x6b5aa000 	D:\java\jdk1.7.0_75\jre\bin\jdwp.dll
0x6b690000 - 0x6b697000 	D:\java\jdk1.7.0_75\jre\bin\npt.dll
0x6b610000 - 0x6b623000 	D:\java\jdk1.7.0_75\jre\bin\zip.dll
0x6b5e0000 - 0x6b5e8000 	D:\java\jdk1.7.0_75\jre\bin\dt_socket.dll
0x73460000 - 0x73470000 	C:\Windows\system32\NLAapi.dll
0x6ea40000 - 0x6ea50000 	C:\Windows\system32\napinsp.dll
0x6e990000 - 0x6e9a2000 	C:\Windows\system32\pnrpnsp.dll
0x749b0000 - 0x749ec000 	C:\Windows\System32\mswsock.dll
0x74870000 - 0x748b4000 	C:\Windows\system32\DNSAPI.dll
0x6e980000 - 0x6e988000 	C:\Windows\System32\winrnr.dll
0x73320000 - 0x7333c000 	C:\Windows\system32\IPHLPAPI.DLL
0x73310000 - 0x73317000 	C:\Windows\system32\WINNSI.DLL
0x71320000 - 0x71358000 	C:\Windows\System32\fwpuclnt.dll
0x6fc50000 - 0x6fc56000 	C:\Windows\system32\rasadhlp.dll
0x744e0000 - 0x744e5000 	C:\Windows\System32\wshtcpip.dll
0x6b5b0000 - 0x6b5d0000 	D:\java\jdk1.7.0_75\jre\bin\sunec.dll
0x6b5f0000 - 0x6b604000 	D:\java\jdk1.7.0_75\jre\bin\net.dll
0x749a0000 - 0x749a6000 	C:\Windows\System32\wship6.dll
0x749f0000 - 0x74a06000 	C:\Windows\system32\CRYPTSP.dll
0x74780000 - 0x747bb000 	C:\Windows\system32\rsaenh.dll
0x745c0000 - 0x745d7000 	C:\Windows\system32\USERENV.dll
0x74f80000 - 0x74f8b000 	C:\Windows\system32\profapi.dll
0x74f00000 - 0x74f0c000 	C:\Windows\system32\CRYPTBASE.dll
0x71300000 - 0x7130d000 	C:\Windows\system32\dhcpcsvc6.DLL
0x712e0000 - 0x712f2000 	C:\Windows\system32\dhcpcsvc.DLL
0x6b660000 - 0x6b66f000 	D:\java\jdk1.7.0_75\jre\bin\nio.dll
0x6ecc0000 - 0x6edab000 	C:\Windows\system32\dbghelp.dll

VM Arguments:
jvm_args: -agentlib:jdwp=transport=dt_socket,suspend=y,address=localhost:51726 -XX:-UseSplitVerifier -Dfile.encoding=UTF-8 
java_command: com.feng.util.RSAUtil
Launcher Type: SUN_STANDARD

Environment Variables:
JAVA_HOME=D:\java\jdk1.7.0_75
CLASSPATH=.;D:\java\jdk1.7.0_75\lib\dt.jar;D:\java\jdk1.7.0_75\lib\tools.jar;
PATH=D:/java/jdk1.7.0_75/bin/../jre/bin/client;D:/java/jdk1.7.0_75/bin/../jre/bin;D:/java/jdk1.7.0_75/bin/../jre/lib/i386;D:\java\jdk1.7.0_75\bin;D:\java\jdk1.7.0_75\jre\bin;C:\Program Files\Common Files\Microsoft Shared\Windows Live;C:\Windows\system32;C:\Windows;C:\Windows\System32\Wbem;C:\Windows\System32\WindowsPowerShell\v1.0\;C:\Program Files\Common Files\Thunder Network\KanKan\Codecs;C:\Program Files\Windows Live\Shared;D:\software\TortoiseSVN\bin;D:\play-1.2.7;D:\software\instantclient_11_2;D:\software\apache-maven-3.3.3\bin;;D:\eclipse;
USERNAME=Administrator
OS=Windows_NT
PROCESSOR_IDENTIFIER=x86 Family 6 Model 60 Stepping 3, GenuineIntel



---------------  S Y S T E M  ---------------

OS: Windows 7 Build 7601 Service Pack 1

CPU:total 4 (4 cores per cpu, 1 threads per core) family 6 model 60 stepping 3, cmov, cx8, fxsr, mmx, sse, sse2, sse3, ssse3, sse4.1, sse4.2, popcnt, avx, avx2, aes, erms, tsc, tscinvbit

Memory: 4k page, physical 3623100k(1374560k free), swap 7244484k(4273168k free)

vm_info: Java HotSpot(TM) Client VM (24.75-b04) for windows-x86 JRE (1.7.0_75-b13), built on Dec 18 2014 17:06:46 by "java_re" with unknown MS VC++:1600

time: Mon Feb 13 13:24:38 2017
elapsed time: 96 seconds

